0 info it worked if it ends with ok
1 verbose cli [ 'node',
1 verbose cli   '/Users/alisonjoseph/.npm-packages/bin/npm',
1 verbose cli   'install',
1 verbose cli   'bootstrap',
1 verbose cli   '--save',
1 verbose cli   'dev' ]
2 info using npm@3.10.6
3 info using node@v0.12.2
4 silly loadCurrentTree Starting
5 silly install loadCurrentTree
6 silly install readLocalPackageData
7 silly fetchPackageMetaData bootstrap
8 silly fetchPackageMetaData dev
9 silly fetchNamedPackageData bootstrap
10 silly mapToRegistry name bootstrap
11 silly mapToRegistry using default registry
12 silly mapToRegistry registry https://npm-registry.whitewater.ibm.com/
13 silly mapToRegistry data { raw: 'bootstrap',
13 silly mapToRegistry   scope: null,
13 silly mapToRegistry   escapedName: 'bootstrap',
13 silly mapToRegistry   name: 'bootstrap',
13 silly mapToRegistry   rawSpec: '',
13 silly mapToRegistry   spec: 'latest',
13 silly mapToRegistry   type: 'tag' }
14 silly mapToRegistry uri https://npm-registry.whitewater.ibm.com/bootstrap
15 silly fetchNamedPackageData dev
16 silly mapToRegistry name dev
17 silly mapToRegistry using default registry
18 silly mapToRegistry registry https://npm-registry.whitewater.ibm.com/
19 silly mapToRegistry data { raw: 'dev',
19 silly mapToRegistry   scope: null,
19 silly mapToRegistry   escapedName: 'dev',
19 silly mapToRegistry   name: 'dev',
19 silly mapToRegistry   rawSpec: '',
19 silly mapToRegistry   spec: 'latest',
19 silly mapToRegistry   type: 'tag' }
20 silly mapToRegistry uri https://npm-registry.whitewater.ibm.com/dev
21 verbose request uri https://npm-registry.whitewater.ibm.com/dev
22 verbose request no auth needed
23 info attempt registry request try #1 at 11:02:54 AM
24 verbose request using bearer token for auth
25 verbose request id 9c16e5e6765faf43
26 http request GET https://npm-registry.whitewater.ibm.com/dev
27 verbose request uri https://npm-registry.whitewater.ibm.com/bootstrap
28 verbose request no auth needed
29 info attempt registry request try #1 at 11:02:54 AM
30 verbose request using bearer token for auth
31 http request GET https://npm-registry.whitewater.ibm.com/bootstrap
32 http 200 https://npm-registry.whitewater.ibm.com/bootstrap
33 verbose headers { server: 'nginx/1.10.1',
33 verbose headers   date: 'Thu, 08 Dec 2016 17:02:52 GMT',
33 verbose headers   'content-type': 'application/json; charset=utf-8',
33 verbose headers   'content-length': '45975',
33 verbose headers   connection: 'keep-alive',
33 verbose headers   'x-powered-by': 'Express',
33 verbose headers   etag: 'W/"b397-fwJwIrf0d2kTGWvsm4G+Hw"' }
34 silly get cb [ 200,
34 silly get   { server: 'nginx/1.10.1',
34 silly get     date: 'Thu, 08 Dec 2016 17:02:52 GMT',
34 silly get     'content-type': 'application/json; charset=utf-8',
34 silly get     'content-length': '45975',
34 silly get     connection: 'keep-alive',
34 silly get     'x-powered-by': 'Express',
34 silly get     etag: 'W/"b397-fwJwIrf0d2kTGWvsm4G+Hw"' } ]
35 verbose get saving bootstrap to /Users/alisonjoseph/.npm/npm-registry.whitewater.ibm.com/bootstrap/.cache.json
36 verbose correctMkdir /Users/alisonjoseph/.npm correctMkdir not in flight; initializing
37 http 200 https://npm-registry.whitewater.ibm.com/dev
38 verbose headers { server: 'nginx/1.10.1',
38 verbose headers   date: 'Thu, 08 Dec 2016 17:02:52 GMT',
38 verbose headers   'content-type': 'application/json; charset=utf-8',
38 verbose headers   'content-length': '9172',
38 verbose headers   connection: 'keep-alive',
38 verbose headers   'x-powered-by': 'Express',
38 verbose headers   etag: 'W/"23d4-6SCy3YJy/quN62flrHR0bg"' }
39 silly get cb [ 200,
39 silly get   { server: 'nginx/1.10.1',
39 silly get     date: 'Thu, 08 Dec 2016 17:02:52 GMT',
39 silly get     'content-type': 'application/json; charset=utf-8',
39 silly get     'content-length': '9172',
39 silly get     connection: 'keep-alive',
39 silly get     'x-powered-by': 'Express',
39 silly get     etag: 'W/"23d4-6SCy3YJy/quN62flrHR0bg"' } ]
40 verbose get saving dev to /Users/alisonjoseph/.npm/npm-registry.whitewater.ibm.com/dev/.cache.json
41 verbose correctMkdir /Users/alisonjoseph/.npm correctMkdir not in flight; initializing
42 silly install normalizeTree
43 silly loadCurrentTree Finishing
44 silly loadIdealTree Starting
45 silly install loadIdealTree
46 silly cloneCurrentTree Starting
47 silly install cloneCurrentTreeToIdealTree
48 silly cloneCurrentTree Finishing
49 silly loadShrinkwrap Starting
50 silly install loadShrinkwrap
51 silly loadShrinkwrap Finishing
52 silly loadAllDepsIntoIdealTree Starting
53 silly install loadAllDepsIntoIdealTree
54 silly resolveWithNewModule bootstrap@3.3.7 checking installable status
55 silly cache add args [ 'bootstrap', null ]
56 verbose cache add spec bootstrap
57 silly resolveWithNewModule dev@0.1.3 checking installable status
58 silly cache add args [ 'dev', null ]
59 verbose cache add spec dev
60 silly cache add parsed spec { raw: 'bootstrap',
60 silly cache add   scope: null,
60 silly cache add   escapedName: 'bootstrap',
60 silly cache add   name: 'bootstrap',
60 silly cache add   rawSpec: '',
60 silly cache add   spec: 'latest',
60 silly cache add   type: 'tag' }
61 silly addNamed bootstrap@latest
62 verbose addNamed "latest" is being treated as a dist-tag for bootstrap
63 info addNameTag [ 'bootstrap', 'latest' ]
64 silly mapToRegistry name bootstrap
65 silly mapToRegistry using default registry
66 silly mapToRegistry registry https://npm-registry.whitewater.ibm.com/
67 silly mapToRegistry data { raw: 'bootstrap',
67 silly mapToRegistry   scope: null,
67 silly mapToRegistry   escapedName: 'bootstrap',
67 silly mapToRegistry   name: 'bootstrap',
67 silly mapToRegistry   rawSpec: '',
67 silly mapToRegistry   spec: 'latest',
67 silly mapToRegistry   type: 'tag' }
68 silly mapToRegistry uri https://npm-registry.whitewater.ibm.com/bootstrap
69 verbose addNameTag registry:https://npm-registry.whitewater.ibm.com/bootstrap not in flight; fetching
70 silly cache add parsed spec { raw: 'dev',
70 silly cache add   scope: null,
70 silly cache add   escapedName: 'dev',
70 silly cache add   name: 'dev',
70 silly cache add   rawSpec: '',
70 silly cache add   spec: 'latest',
70 silly cache add   type: 'tag' }
71 silly addNamed dev@latest
72 verbose addNamed "latest" is being treated as a dist-tag for dev
73 info addNameTag [ 'dev', 'latest' ]
74 silly mapToRegistry name dev
75 silly mapToRegistry using default registry
76 silly mapToRegistry registry https://npm-registry.whitewater.ibm.com/
77 silly mapToRegistry data { raw: 'dev',
77 silly mapToRegistry   scope: null,
77 silly mapToRegistry   escapedName: 'dev',
77 silly mapToRegistry   name: 'dev',
77 silly mapToRegistry   rawSpec: '',
77 silly mapToRegistry   spec: 'latest',
77 silly mapToRegistry   type: 'tag' }
78 silly mapToRegistry uri https://npm-registry.whitewater.ibm.com/dev
79 verbose addNameTag registry:https://npm-registry.whitewater.ibm.com/dev not in flight; fetching
80 verbose get https://npm-registry.whitewater.ibm.com/bootstrap not expired, no request
81 silly addNameTag next cb for bootstrap with tag latest
82 silly addNamed bootstrap@3.3.7
83 verbose addNamed "3.3.7" is a plain semver version for bootstrap
84 verbose get https://npm-registry.whitewater.ibm.com/dev not expired, no request
85 silly addNameTag next cb for dev with tag latest
86 silly addNamed dev@0.1.3
87 verbose addNamed "0.1.3" is a plain semver version for dev
88 silly mapToRegistry name bootstrap
89 silly mapToRegistry using default registry
90 silly mapToRegistry registry https://npm-registry.whitewater.ibm.com/
91 silly mapToRegistry data { raw: 'bootstrap',
91 silly mapToRegistry   scope: null,
91 silly mapToRegistry   escapedName: 'bootstrap',
91 silly mapToRegistry   name: 'bootstrap',
91 silly mapToRegistry   rawSpec: '',
91 silly mapToRegistry   spec: 'latest',
91 silly mapToRegistry   type: 'tag' }
92 silly mapToRegistry uri https://npm-registry.whitewater.ibm.com/bootstrap
93 verbose addRemoteTarball https://npm-registry.whitewater.ibm.com/b/bootstrap/_attachments/bootstrap-3.3.7.tgz not in flight; adding
94 verbose addRemoteTarball [ 'https://npm-registry.whitewater.ibm.com/b/bootstrap/_attachments/bootstrap-3.3.7.tgz',
94 verbose addRemoteTarball   '5a389394549f23330875a3b150656574f8a9eb71' ]
95 silly mapToRegistry name dev
96 silly mapToRegistry using default registry
97 silly mapToRegistry registry https://npm-registry.whitewater.ibm.com/
98 silly mapToRegistry data { raw: 'dev',
98 silly mapToRegistry   scope: null,
98 silly mapToRegistry   escapedName: 'dev',
98 silly mapToRegistry   name: 'dev',
98 silly mapToRegistry   rawSpec: '',
98 silly mapToRegistry   spec: 'latest',
98 silly mapToRegistry   type: 'tag' }
99 silly mapToRegistry uri https://npm-registry.whitewater.ibm.com/dev
100 verbose addRemoteTarball https://npm-registry.whitewater.ibm.com/d/dev/_attachments/dev-0.1.3.tgz not in flight; adding
101 verbose addRemoteTarball [ 'https://npm-registry.whitewater.ibm.com/d/dev/_attachments/dev-0.1.3.tgz',
101 verbose addRemoteTarball   '89fdc08705e0e7eaef92d012e26751e4d744322a' ]
102 info retry fetch attempt 1 at 11:02:56 AM
103 info attempt registry request try #1 at 11:02:56 AM
104 http fetch GET https://npm-registry.whitewater.ibm.com/b/bootstrap/_attachments/bootstrap-3.3.7.tgz
105 verbose request using bearer token for auth
106 info retry fetch attempt 1 at 11:02:56 AM
107 info attempt registry request try #1 at 11:02:56 AM
108 http fetch GET https://npm-registry.whitewater.ibm.com/d/dev/_attachments/dev-0.1.3.tgz
109 verbose request using bearer token for auth
110 http fetch 200 https://npm-registry.whitewater.ibm.com/b/bootstrap/_attachments/bootstrap-3.3.7.tgz
111 http fetch 200 https://npm-registry.whitewater.ibm.com/d/dev/_attachments/dev-0.1.3.tgz
112 silly fetchAndShaCheck shasum 89fdc08705e0e7eaef92d012e26751e4d744322a
113 verbose addTmpTarball /var/folders/r9/xdz82prs7pg7zsk4x22k7c300000gp/T/npm-95764-1b7300f0/npm-registry.whitewater.ibm.com/d/dev/_attachments/dev-0.1.3.tgz not in flight; adding
114 verbose addTmpTarball already have metadata; skipping unpack for dev@0.1.3
115 verbose correctMkdir /Users/alisonjoseph/.npm correctMkdir not in flight; initializing
116 silly cache afterAdd dev@0.1.3
117 verbose afterAdd /Users/alisonjoseph/.npm/dev/0.1.3/package/package.json not in flight; writing
118 verbose correctMkdir /Users/alisonjoseph/.npm correctMkdir not in flight; initializing
119 verbose afterAdd /Users/alisonjoseph/.npm/dev/0.1.3/package/package.json written
120 silly fetchAndShaCheck shasum 5a389394549f23330875a3b150656574f8a9eb71
121 verbose addTmpTarball /var/folders/r9/xdz82prs7pg7zsk4x22k7c300000gp/T/npm-95764-1b7300f0/npm-registry.whitewater.ibm.com/b/bootstrap/_attachments/bootstrap-3.3.7.tgz not in flight; adding
122 verbose addTmpTarball already have metadata; skipping unpack for bootstrap@3.3.7
123 verbose correctMkdir /Users/alisonjoseph/.npm correctMkdir not in flight; initializing
124 silly cache afterAdd bootstrap@3.3.7
125 verbose afterAdd /Users/alisonjoseph/.npm/bootstrap/3.3.7/package/package.json not in flight; writing
126 verbose correctMkdir /Users/alisonjoseph/.npm correctMkdir not in flight; initializing
127 verbose afterAdd /Users/alisonjoseph/.npm/bootstrap/3.3.7/package/package.json written
128 silly fetchNamedPackageData inotify
129 silly mapToRegistry name inotify
130 silly mapToRegistry using default registry
131 silly mapToRegistry registry https://npm-registry.whitewater.ibm.com/
132 silly mapToRegistry data { raw: 'inotify',
132 silly mapToRegistry   scope: null,
132 silly mapToRegistry   escapedName: 'inotify',
132 silly mapToRegistry   name: 'inotify',
132 silly mapToRegistry   rawSpec: '',
132 silly mapToRegistry   spec: 'latest',
132 silly mapToRegistry   type: 'tag' }
133 silly mapToRegistry uri https://npm-registry.whitewater.ibm.com/inotify
134 verbose request uri https://npm-registry.whitewater.ibm.com/inotify
135 verbose request no auth needed
136 info attempt registry request try #1 at 11:02:58 AM
137 verbose request using bearer token for auth
138 http request GET https://npm-registry.whitewater.ibm.com/inotify
139 http 200 https://npm-registry.whitewater.ibm.com/inotify
140 verbose headers { server: 'nginx/1.10.1',
140 verbose headers   date: 'Thu, 08 Dec 2016 17:02:56 GMT',
140 verbose headers   'content-type': 'application/json; charset=utf-8',
140 verbose headers   'content-length': '29607',
140 verbose headers   connection: 'keep-alive',
140 verbose headers   'x-powered-by': 'Express',
140 verbose headers   etag: 'W/"73a7-eL7018R1ZinEAxigZpvFpg"' }
141 silly get cb [ 200,
141 silly get   { server: 'nginx/1.10.1',
141 silly get     date: 'Thu, 08 Dec 2016 17:02:56 GMT',
141 silly get     'content-type': 'application/json; charset=utf-8',
141 silly get     'content-length': '29607',
141 silly get     connection: 'keep-alive',
141 silly get     'x-powered-by': 'Express',
141 silly get     etag: 'W/"73a7-eL7018R1ZinEAxigZpvFpg"' } ]
142 verbose get saving inotify to /Users/alisonjoseph/.npm/npm-registry.whitewater.ibm.com/inotify/.cache.json
143 verbose correctMkdir /Users/alisonjoseph/.npm correctMkdir not in flight; initializing
144 silly resolveWithNewModule inotify@1.4.1 checking installable status
145 silly rollbackFailedOptional Starting
146 silly rollbackFailedOptional Finishing
147 silly runTopLevelLifecycles Starting
148 silly runTopLevelLifecycles Finishing
149 silly install printInstalled
150 verbose stack Error: Unsupported platform for inotify@1.4.1: wanted {"name":"inotify","version":"1.4.1","author":{"name":"Camilo Aguilar","email":"camilo.aguilar@gmail.com"},"email":"camilo.aguilar@gmail.com","keywords":["inotify","watch","monitor","watch files","watch directories"],"license":"MIT","description":"inotify bindings for v8 javascript engine","repository":{"type":"git","url":"git+ssh://git@github.com/c4milo/node-inotify.git"},"os":["linux"],"engines":{"node":">=0.8"},"main":"inotify","dependencies":{"bindings":"^1.2.1","nan":"^2.3.3"},"scripts":{"test":"node-gyp configure build","install":"node-gyp rebuild"},"gypfile":true,"contributors":[{"name":"Adrian Estrada","email":"edsadr@gmail.com"},{"name":"Alexander Makarenko","email":"estliberitas@gmail.com"},{"name":"Brian Ingalls","email":"bingalls@compete.com"},{"name":"Brian White","email":"mscdex@mscdex.net"},{"name":"Camilo Aguilar","email":"camilo.aguilar@gmail.com"},{"name":"Dan VerWeire","email":"dverweire@gmail.com"},{"name":"FrozenCow","email":"frozencow@gmail.com"},{"name":"Michael Boe","email":"mschuylerb@gmail.com"},{"name":"Yannick Croissant","email":"k1der.country@free.fr"},{"name":"ikokostya","email":"ikokostya@gmail.com"}],"gitHead":"c1416dfada3ca4f3fb40e65eededc52461822ec5","bugs":{"url":"https://github.com/c4milo/node-inotify/issues"},"homepage":"https://github.com/c4milo/node-inotify#readme","_id":"inotify@1.4.1","_shasum":"8abdeb7ee9cbc291542a252df00d848b2a8f9287","_from":"inotify@>= 0.1.6","_npmVersion":"3.8.6","_nodeVersion":"5.11.0","_npmUser":{"name":"c4milo","email":"camilo.aguilar@gmail.com"},"maintainers":[{"name":"camilo","email":"camilo@cloudescape.com"},{"name":"c4milo","email":"camilo.aguilar@gmail.com"}],"dist":{"shasum":"8abdeb7ee9cbc291542a252df00d848b2a8f9287","tarball":"https://npm-registry.whitewater.ibm.com/i/inotify/_attachments/inotify-1.4.1.tgz"},"_npmOperationalInternal":{"host":"packages-16-east.internal.npmjs.com","tmp":"tmp/inotify-1.4.1.tgz_1462444544613_0.7660284182056785"},"directories":{},"_resolved":"https://npm-registry.whitewater.ibm.com/i/inotify/_attachments/inotify-1.4.1.tgz","_requested":{"raw":"inotify@>= 0.1.6","scope":null,"escapedName":"inotify","name":"inotify","rawSpec":">= 0.1.6","spec":">=0.1.6","type":"range"},"_spec":"inotify@>= 0.1.6","_where":"/Users/alisonjoseph/Projects/ratx/node_modules/dev","_args":[[{"raw":"inotify@>= 0.1.6","scope":null,"escapedName":"inotify","name":"inotify","rawSpec":">= 0.1.6","spec":">=0.1.6","type":"range"},"/Users/alisonjoseph/Projects/ratx/node_modules/dev"]],"readme":"ERROR: No README data found!"} (current: {"os":"darwin","cpu":"x64"})
150 verbose stack     at checkPlatform (/Users/alisonjoseph/.npm-packages/lib/node_modules/npm/node_modules/npm-install-checks/index.js:45:14)
150 verbose stack     at thenWarnEngineIssues (/Users/alisonjoseph/.npm-packages/lib/node_modules/npm/lib/install/validate-args.js:41:5)
150 verbose stack     at /Users/alisonjoseph/.npm-packages/lib/node_modules/npm/node_modules/iferr/index.js:13:50
150 verbose stack     at checkEngine (/Users/alisonjoseph/.npm-packages/lib/node_modules/npm/node_modules/npm-install-checks/index.js:24:10)
150 verbose stack     at module.exports.isInstallable (/Users/alisonjoseph/.npm-packages/lib/node_modules/npm/lib/install/validate-args.js:38:3)
150 verbose stack     at resolveWithNewModule (/Users/alisonjoseph/.npm-packages/lib/node_modules/npm/lib/install/deps.js:525:12)
150 verbose stack     at /Users/alisonjoseph/.npm-packages/lib/node_modules/npm/lib/install/deps.js:519:7
150 verbose stack     at /Users/alisonjoseph/.npm-packages/lib/node_modules/npm/node_modules/iferr/index.js:13:50
150 verbose stack     at /Users/alisonjoseph/.npm-packages/lib/node_modules/npm/lib/fetch-package-metadata.js:37:12
150 verbose stack     at addRequestedAndFinish (/Users/alisonjoseph/.npm-packages/lib/node_modules/npm/lib/fetch-package-metadata.js:67:5)
151 verbose pkgid inotify@1.4.1
152 verbose cwd /Users/alisonjoseph/Projects/ratx
153 error Darwin 16.1.0
154 error argv "node" "/Users/alisonjoseph/.npm-packages/bin/npm" "install" "bootstrap" "--save" "dev"
155 error node v0.12.2
156 error npm  v3.10.6
157 error code EBADPLATFORM
158 error notsup Not compatible with your operating system or architecture: inotify@1.4.1
159 error notsup Valid OS:    linux
159 error notsup Valid Arch:  any
159 error notsup Actual OS:   darwin
159 error notsup Actual Arch: x64
160 verbose exit [ 1, true ]
